GROUP,PACKAGE,CLASS,INSTRUCTION_MISSED,INSTRUCTION_COVERED,BRANCH_MISSED,BRANCH_COVERED,LINE_MISSED,LINE_COVERED,COMPLEXITY_MISSED,COMPLEXITY_COVERED,METHOD_MISSED,METHOD_COVERED
PLC4J: Protocol: TEST,org.apache.plc4x.java.test,TestAddress,12,41,1,3,4,12,3,6,2,5
PLC4J: Protocol: TEST,org.apache.plc4x.java.test,TestPlcDriver,34,0,2,0,9,0,6,0,5,0
PLC4J: Protocol: TEST,org.apache.plc4x.java.test,TestConnection,164,0,8,0,40,0,18,0,14,0
PLC4J: Protocol: TEST,org.apache.plc4x.java.test,TestDevice,21,59,3,5,5,17,4,5,1,4
