GROUP,PACKAGE,CLASS,INSTRUCTION_MISSED,INSTRUCTION_COVERED,BRANCH_MISSED,BRANCH_COVERED,LINE_MISSED,LINE_COVERED,COMPLEXITY_MISSED,COMPLEXITY_COVERED,METHOD_MISSED,METHOD_COVERED
Integrations: Apache Edgent,org.apache.plc4x.edgent,PlcConnectionAdapter.new Object() {...},10,65,0,0,0,1,0,1,0,1
Integrations: Apache Edgent,org.apache.plc4x.edgent,PlcConnectionAdapter.new Supplier() {...},54,0,0,0,9,0,3,0,3,0
Integrations: Apache Edgent,org.apache.plc4x.edgent,PlcConnectionAdapter.BaseConsumer,102,124,20,11,12,23,16,8,1,3
Integrations: Apache Edgent,org.apache.plc4x.edgent,PlcFunctions,101,108,0,0,18,18,17,18,17,18
Integrations: Apache Edgent,org.apache.plc4x.edgent,PlcConnectionAdapter.ObjectConsumer,8,14,0,0,2,4,1,1,1,1
Integrations: Apache Edgent,org.apache.plc4x.edgent,PlcConnectionAdapter.MySupplier,129,15,15,0,36,5,14,1,2,1
Integrations: Apache Edgent,org.apache.plc4x.edgent,PlcConnectionAdapter.JsonConsumer,0,35,0,0,0,9,0,2,0,2
Integrations: Apache Edgent,org.apache.plc4x.edgent,PlcConnectionAdapter,11,78,1,5,1,19,3,11,2,9
