<?xml version="1.0" encoding="UTF-8" standalone="yes"?><!DOCTYPE report PUBLIC "-//JACOCO//DTD Report 1.0//EN" "report.dtd"><report name="Integrations: Apache Edgent"><sessioninfo id="jenkins-websites1.apache.org-31abf08c" start="1522831644173" dump="1522831645279"/><package name="org/apache/plc4x/edgent"><class name="org/apache/plc4x/edgent/PlcConnectionAdapter$3"><method name="&lt;init&gt;" desc="(Lorg/apache/plc4x/edgent/PlcConnectionAdapter;Lorg/apache/edgent/function/Function;Lorg/apache/edgent/function/Function;)V" line="191"><counter type="INSTRUCTION" missed="0" covered="12"/><counter type="LINE" missed="0" covered="1"/><counter type="COMPLEXITY" missed="0" covered="1"/><counter type="METHOD" missed="0" covered="1"/></method><method name="accept" desc="(Lcom/google/gson/JsonObject;)V" line="196"><counter type="INSTRUCTION" missed="0" covered="58"/><counter type="LINE" missed="0" covered="14"/><counter type="COMPLEXITY" missed="0" covered="1"/><counter type="METHOD" missed="0" covered="1"/></method><method name="lambda$accept$0" desc="()Ljava/lang/NullPointerException;" line="204"><counter type="INSTRUCTION" missed="5" covered="0"/><counter type="LINE" missed="1" covered="0"/><counter type="COMPLEXITY" missed="1" covered="0"/><counter type="METHOD" missed="1" covered="0"/></method><counter type="INSTRUCTION" missed="5" covered="70"/><counter type="LINE" missed="0" covered="15"/><counter type="COMPLEXITY" missed="1" covered="2"/><counter type="METHOD" missed="1" covered="2"/><counter type="CLASS" missed="0" covered="1"/></class><class name="org/apache/plc4x/edgent/PlcConnectionAdapter$2"><method name="&lt;init&gt;" desc="(Lorg/apache/plc4x/edgent/PlcConnectionAdapter;Ljava/lang/String;)V" line="167"><counter type="INSTRUCTION" missed="0" covered="9"/><counter type="LINE" missed="0" covered="1"/><counter type="COMPLEXITY" missed="0" covered="1"/><counter type="METHOD" missed="0" covered="1"/></method><method name="accept" desc="(Ljava/lang/Object;)V" line="172"><counter type="INSTRUCTION" missed="0" covered="48"/><counter type="LINE" missed="0" covered="12"/><counter type="COMPLEXITY" missed="0" covered="1"/><counter type="METHOD" missed="0" covered="1"/></method><method name="lambda$accept$0" desc="()Ljava/lang/NullPointerException;" line="178"><counter type="INSTRUCTION" missed="5" covered="0"/><counter type="LINE" missed="1" covered="0"/><counter type="COMPLEXITY" missed="1" covered="0"/><counter type="METHOD" missed="1" covered="0"/></method><counter type="INSTRUCTION" missed="5" covered="57"/><counter type="LINE" missed="0" covered="13"/><counter type="COMPLEXITY" missed="1" covered="2"/><counter type="METHOD" missed="1" covered="2"/><counter type="CLASS" missed="0" covered="1"/></class><class name="org/apache/plc4x/edgent/PlcConnectionAdapter$1"><method name="&lt;init&gt;" desc="(Lorg/apache/plc4x/edgent/PlcConnectionAdapter;Lorg/apache/plc4x/java/api/messages/PlcReadRequest;)V" line="146"><counter type="INSTRUCTION" missed="9" covered="0"/><counter type="LINE" missed="1" covered="0"/><counter type="COMPLEXITY" missed="1" covered="0"/><counter type="METHOD" missed="1" covered="0"/></method><method name="get" desc="()Lorg/apache/plc4x/java/api/messages/PlcReadResponse;" line="151"><counter type="INSTRUCTION" missed="40" covered="0"/><counter type="LINE" missed="8" covered="0"/><counter type="COMPLEXITY" missed="1" covered="0"/><counter type="METHOD" missed="1" covered="0"/></method><method name="lambda$get$0" desc="()Ljava/lang/NullPointerException;" line="155"><counter type="INSTRUCTION" missed="5" covered="0"/><counter type="LINE" missed="1" covered="0"/><counter type="COMPLEXITY" missed="1" covered="0"/><counter type="METHOD" missed="1" covered="0"/></method><counter type="INSTRUCTION" missed="54" covered="0"/><counter type="LINE" missed="9" covered="0"/><counter type="COMPLEXITY" missed="3" covered="0"/><counter type="METHOD" missed="3" covered="0"/><counter type="CLASS" missed="1" covered="0"/></class><class name="org/apache/plc4x/edgent/PlcFunctions"><method name="&lt;init&gt;" desc="()V" line="74"><counter type="INSTRUCTION" missed="7" covered="0"/><counter type="LINE" missed="2" covered="0"/><counter type="COMPLEXITY" missed="1" covered="0"/><counter type="METHOD" missed="1" covered="0"/></method><method name="booleanSupplier" desc="(Lorg/apache/plc4x/edgent/PlcConnectionAdapter;Ljava/lang/String;)Lorg/apache/edgent/function/Supplier;" line="95"><counter type="INSTRUCTION" missed="0" covered="5"/><counter type="LINE" missed="0" covered="1"/><counter type="COMPLEXITY" missed="0" covered="1"/><counter type="METHOD" missed="0" covered="1"/></method><method name="byteSupplier" desc="(Lorg/apache/plc4x/edgent/PlcConnectionAdapter;Ljava/lang/String;)Lorg/apache/edgent/function/Supplier;" line="98"><counter type="INSTRUCTION" missed="0" covered="5"/><counter type="LINE" missed="0" covered="1"/><counter type="COMPLEXITY" missed="0" covered="1"/><counter type="METHOD" missed="0" covered="1"/></method><method name="shortSupplier" desc="(Lorg/apache/plc4x/edgent/PlcConnectionAdapter;Ljava/lang/String;)Lorg/apache/edgent/function/Supplier;" line="101"><counter type="INSTRUCTION" missed="0" covered="5"/><counter type="LINE" missed="0" covered="1"/><counter type="COMPLEXITY" missed="0" covered="1"/><counter type="METHOD" missed="0" covered="1"/></method><method name="integerSupplier" desc="(Lorg/apache/plc4x/edgent/PlcConnectionAdapter;Ljava/lang/String;)Lorg/apache/edgent/function/Supplier;" line="104"><counter type="INSTRUCTION" missed="0" covered="5"/><counter type="LINE" missed="0" covered="1"/><counter type="COMPLEXITY" missed="0" covered="1"/><counter type="METHOD" missed="0" covered="1"/></method><method name="floatSupplier" desc="(Lorg/apache/plc4x/edgent/PlcConnectionAdapter;Ljava/lang/String;)Lorg/apache/edgent/function/Supplier;" line="107"><counter type="INSTRUCTION" missed="0" covered="5"/><counter type="LINE" missed="0" covered="1"/><counter type="COMPLEXITY" missed="0" covered="1"/><counter type="METHOD" missed="0" covered="1"/></method><method name="stringSupplier" desc="(Lorg/apache/plc4x/edgent/PlcConnectionAdapter;Ljava/lang/String;)Lorg/apache/edgent/function/Supplier;" line="110"><counter type="INSTRUCTION" missed="0" covered="5"/><counter type="LINE" missed="0" covered="1"/><counter type="COMPLEXITY" missed="0" covered="1"/><counter type="METHOD" missed="0" covered="1"/></method><method name="calendarSupplier" desc="(Lorg/apache/plc4x/edgent/PlcConnectionAdapter;Ljava/lang/String;)Lorg/apache/edgent/function/Supplier;" line="113"><counter type="INSTRUCTION" missed="5" covered="0"/><counter type="LINE" missed="1" covered="0"/><counter type="COMPLEXITY" missed="1" covered="0"/><counter type="METHOD" missed="1" covered="0"/></method><method name="batchSupplier" desc="(Lorg/apache/plc4x/edgent/PlcConnectionAdapter;Lorg/apache/plc4x/java/api/messages/PlcReadRequest;)Lorg/apache/edgent/function/Supplier;" line="116"><counter type="INSTRUCTION" missed="4" covered="0"/><counter type="LINE" missed="1" covered="0"/><counter type="COMPLEXITY" missed="1" covered="0"/><counter type="METHOD" missed="1" covered="0"/></method><method name="booleanConsumer" desc="(Lorg/apache/plc4x/edgent/PlcConnectionAdapter;Ljava/lang/String;)Lorg/apache/edgent/function/Consumer;" line="135"><counter type="INSTRUCTION" missed="0" covered="5"/><counter type="LINE" missed="0" covered="1"/><counter type="COMPLEXITY" missed="0" covered="1"/><counter type="METHOD" missed="0" covered="1"/></method><method name="byteConsumer" desc="(Lorg/apache/plc4x/edgent/PlcConnectionAdapter;Ljava/lang/String;)Lorg/apache/edgent/function/Consumer;" line="138"><counter type="INSTRUCTION" missed="0" covered="5"/><counter type="LINE" missed="0" covered="1"/><counter type="COMPLEXITY" missed="0" covered="1"/><counter type="METHOD" missed="0" covered="1"/></method><method name="shortConsumer" desc="(Lorg/apache/plc4x/edgent/PlcConnectionAdapter;Ljava/lang/String;)Lorg/apache/edgent/function/Consumer;" line="141"><counter type="INSTRUCTION" missed="0" covered="5"/><counter type="LINE" missed="0" covered="1"/><counter type="COMPLEXITY" missed="0" covered="1"/><counter type="METHOD" missed="0" covered="1"/></method><method name="integerConsumer" desc="(Lorg/apache/plc4x/edgent/PlcConnectionAdapter;Ljava/lang/String;)Lorg/apache/edgent/function/Consumer;" line="144"><counter type="INSTRUCTION" missed="0" covered="5"/><counter type="LINE" missed="0" covered="1"/><counter type="COMPLEXITY" missed="0" covered="1"/><counter type="METHOD" missed="0" covered="1"/></method><method name="floatConsumer" desc="(Lorg/apache/plc4x/edgent/PlcConnectionAdapter;Ljava/lang/String;)Lorg/apache/edgent/function/Consumer;" line="147"><counter type="INSTRUCTION" missed="0" covered="5"/><counter type="LINE" missed="0" covered="1"/><counter type="COMPLEXITY" missed="0" covered="1"/><counter type="METHOD" missed="0" covered="1"/></method><method name="stringConsumer" desc="(Lorg/apache/plc4x/edgent/PlcConnectionAdapter;Ljava/lang/String;)Lorg/apache/edgent/function/Consumer;" line="150"><counter type="INSTRUCTION" missed="0" covered="5"/><counter type="LINE" missed="0" covered="1"/><counter type="COMPLEXITY" missed="0" covered="1"/><counter type="METHOD" missed="0" covered="1"/></method><method name="calendarConsumer" desc="(Lorg/apache/plc4x/edgent/PlcConnectionAdapter;Ljava/lang/String;)Lorg/apache/edgent/function/Consumer;" line="153"><counter type="INSTRUCTION" missed="5" covered="0"/><counter type="LINE" missed="1" covered="0"/><counter type="COMPLEXITY" missed="1" covered="0"/><counter type="METHOD" missed="1" covered="0"/></method><method name="booleanConsumer" desc="(Lorg/apache/plc4x/edgent/PlcConnectionAdapter;Lorg/apache/edgent/function/Function;Lorg/apache/edgent/function/Function;)Lorg/apache/edgent/function/Consumer;" line="179"><counter type="INSTRUCTION" missed="0" covered="6"/><counter type="LINE" missed="0" covered="1"/><counter type="COMPLEXITY" missed="0" covered="1"/><counter type="METHOD" missed="0" covered="1"/></method><method name="byteConsumer" desc="(Lorg/apache/plc4x/edgent/PlcConnectionAdapter;Lorg/apache/edgent/function/Function;Lorg/apache/edgent/function/Function;)Lorg/apache/edgent/function/Consumer;" line="182"><counter type="INSTRUCTION" missed="0" covered="6"/><counter type="LINE" missed="0" covered="1"/><counter type="COMPLEXITY" missed="0" covered="1"/><counter type="METHOD" missed="0" covered="1"/></method><method name="shortConsumer" desc="(Lorg/apache/plc4x/edgent/PlcConnectionAdapter;Lorg/apache/edgent/function/Function;Lorg/apache/edgent/function/Function;)Lorg/apache/edgent/function/Consumer;" line="185"><counter type="INSTRUCTION" missed="0" covered="6"/><counter type="LINE" missed="0" covered="1"/><counter type="COMPLEXITY" missed="0" covered="1"/><counter type="METHOD" missed="0" covered="1"/></method><method name="integerConsumer" desc="(Lorg/apache/plc4x/edgent/PlcConnectionAdapter;Lorg/apache/edgent/function/Function;Lorg/apache/edgent/function/Function;)Lorg/apache/edgent/function/Consumer;" line="188"><counter type="INSTRUCTION" missed="0" covered="6"/><counter type="LINE" missed="0" covered="1"/><counter type="COMPLEXITY" missed="0" covered="1"/><counter type="METHOD" missed="0" covered="1"/></method><method name="floatConsumer" desc="(Lorg/apache/plc4x/edgent/PlcConnectionAdapter;Lorg/apache/edgent/function/Function;Lorg/apache/edgent/function/Function;)Lorg/apache/edgent/function/Consumer;" line="191"><counter type="INSTRUCTION" missed="0" covered="6"/><counter type="LINE" missed="0" covered="1"/><counter type="COMPLEXITY" missed="0" covered="1"/><counter type="METHOD" missed="0" covered="1"/></method><method name="stringConsumer" desc="(Lorg/apache/plc4x/edgent/PlcConnectionAdapter;Lorg/apache/edgent/function/Function;Lorg/apache/edgent/function/Function;)Lorg/apache/edgent/function/Consumer;" line="194"><counter type="INSTRUCTION" missed="0" covered="6"/><counter type="LINE" missed="0" covered="1"/><counter type="COMPLEXITY" missed="0" covered="1"/><counter type="METHOD" missed="0" covered="1"/></method><method name="calendarConsumer" desc="(Lorg/apache/plc4x/edgent/PlcConnectionAdapter;Lorg/apache/edgent/function/Function;Lorg/apache/edgent/function/Function;)Lorg/apache/edgent/function/Consumer;" line="197"><counter type="INSTRUCTION" missed="6" covered="0"/><counter type="LINE" missed="1" covered="0"/><counter type="COMPLEXITY" missed="1" covered="0"/><counter type="METHOD" missed="1" covered="0"/></method><counter type="INSTRUCTION" missed="27" covered="96"/><counter type="LINE" missed="6" covered="18"/><counter type="COMPLEXITY" missed="5" covered="18"/><counter type="METHOD" missed="5" covered="18"/><counter type="CLASS" missed="0" covered="1"/></class><class name="org/apache/plc4x/edgent/PlcConnectionAdapter$MySupplier"><method name="&lt;init&gt;" desc="(Lorg/apache/plc4x/edgent/PlcConnectionAdapter;Ljava/lang/Class;Ljava/lang/String;)V" line="120"><counter type="INSTRUCTION" missed="0" covered="12"/><counter type="LINE" missed="0" covered="4"/><counter type="COMPLEXITY" missed="0" covered="1"/><counter type="METHOD" missed="0" covered="1"/></method><method name="get" desc="()Ljava/lang/Object;" line="127"><counter type="INSTRUCTION" missed="0" covered="57"/><counter type="LINE" missed="0" covered="13"/><counter type="COMPLEXITY" missed="0" covered="1"/><counter type="METHOD" missed="0" covered="1"/></method><method name="lambda$get$1" desc="()Ljava/lang/IllegalStateException;" line="136"><counter type="INSTRUCTION" missed="5" covered="0"/><counter type="LINE" missed="1" covered="0"/><counter type="COMPLEXITY" missed="1" covered="0"/><counter type="METHOD" missed="1" covered="0"/></method><method name="lambda$get$0" desc="()Ljava/lang/NullPointerException;" line="133"><counter type="INSTRUCTION" missed="5" covered="0"/><counter type="LINE" missed="1" covered="0"/><counter type="COMPLEXITY" missed="1" covered="0"/><counter type="METHOD" missed="1" covered="0"/></method><counter type="INSTRUCTION" missed="10" covered="69"/><counter type="LINE" missed="0" covered="17"/><counter type="COMPLEXITY" missed="2" covered="2"/><counter type="METHOD" missed="2" covered="2"/><counter type="CLASS" missed="0" covered="1"/></class><class name="org/apache/plc4x/edgent/PlcConnectionAdapter"><method name="&lt;init&gt;" desc="(Lorg/apache/plc4x/java/api/connection/PlcConnection;)V" line="80"><counter type="INSTRUCTION" missed="0" covered="6"/><counter type="LINE" missed="0" covered="3"/><counter type="COMPLEXITY" missed="0" covered="1"/><counter type="METHOD" missed="0" covered="1"/></method><method name="&lt;init&gt;" desc="(Ljava/lang/String;)V" line="84"><counter type="INSTRUCTION" missed="0" covered="6"/><counter type="LINE" missed="0" covered="3"/><counter type="COMPLEXITY" missed="0" covered="1"/><counter type="METHOD" missed="0" covered="1"/></method><method name="getConnection" desc="()Lorg/apache/plc4x/java/api/connection/PlcConnection;" line="89"><counter type="INSTRUCTION" missed="0" covered="20"/><counter type="BRANCH" missed="0" covered="2"/><counter type="LINE" missed="0" covered="4"/><counter type="COMPLEXITY" missed="0" covered="2"/><counter type="METHOD" missed="0" covered="1"/></method><method name="close" desc="()V" line="100"><counter type="INSTRUCTION" missed="0" covered="10"/><counter type="BRANCH" missed="1" covered="3"/><counter type="LINE" missed="0" covered="3"/><counter type="COMPLEXITY" missed="1" covered="2"/><counter type="METHOD" missed="0" covered="1"/></method><method name="parseAddress" desc="(Ljava/lang/String;)Lorg/apache/plc4x/java/api/model/Address;" line="106"><counter type="INSTRUCTION" missed="5" covered="0"/><counter type="LINE" missed="1" covered="0"/><counter type="COMPLEXITY" missed="1" covered="0"/><counter type="METHOD" missed="1" covered="0"/></method><method name="newSupplier" desc="(Ljava/lang/Class;Ljava/lang/String;)Lorg/apache/edgent/function/Supplier;" line="110"><counter type="INSTRUCTION" missed="0" covered="9"/><counter type="LINE" missed="0" covered="2"/><counter type="COMPLEXITY" missed="0" covered="1"/><counter type="METHOD" missed="0" covered="1"/></method><method name="newSupplier" desc="(Lorg/apache/plc4x/java/api/messages/PlcReadRequest;)Lorg/apache/edgent/function/Supplier;" line="146"><counter type="INSTRUCTION" missed="6" covered="0"/><counter type="LINE" missed="1" covered="0"/><counter type="COMPLEXITY" missed="1" covered="0"/><counter type="METHOD" missed="1" covered="0"/></method><method name="newConsumer" desc="(Ljava/lang/Class;Ljava/lang/String;)Lorg/apache/edgent/function/Consumer;" line="166"><counter type="INSTRUCTION" missed="0" covered="8"/><counter type="LINE" missed="0" covered="2"/><counter type="COMPLEXITY" missed="0" covered="1"/><counter type="METHOD" missed="0" covered="1"/></method><method name="newConsumer" desc="(Ljava/lang/Class;Lorg/apache/edgent/function/Function;Lorg/apache/edgent/function/Function;)Lorg/apache/edgent/function/Consumer;" line="190"><counter type="INSTRUCTION" missed="0" covered="9"/><counter type="LINE" missed="0" covered="2"/><counter type="COMPLEXITY" missed="0" covered="1"/><counter type="METHOD" missed="0" covered="1"/></method><method name="checkDatatype" desc="(Ljava/lang/Class;)V" line="216"><counter type="INSTRUCTION" missed="0" covered="33"/><counter type="BRANCH" missed="0" covered="4"/><counter type="LINE" missed="0" covered="4"/><counter type="COMPLEXITY" missed="0" covered="3"/><counter type="METHOD" missed="0" covered="1"/></method><method name="newPlcWriteRequest" desc="(Lorg/apache/plc4x/java/api/model/Address;Ljava/lang/Object;)Lorg/apache/plc4x/java/api/messages/specific/TypeSafePlcWriteRequest;" line="225"><counter type="INSTRUCTION" missed="0" covered="15"/><counter type="LINE" missed="0" covered="2"/><counter type="COMPLEXITY" missed="0" covered="1"/><counter type="METHOD" missed="0" covered="1"/></method><method name="newPlcReadRequest" desc="(Ljava/lang/Class;Lorg/apache/plc4x/java/api/model/Address;)Lorg/apache/plc4x/java/api/messages/specific/TypeSafePlcReadRequest;" line="230"><counter type="INSTRUCTION" missed="0" covered="6"/><counter type="LINE" missed="0" covered="1"/><counter type="COMPLEXITY" missed="0" covered="1"/><counter type="METHOD" missed="0" covered="1"/></method><method name="&lt;clinit&gt;" desc="()V" line="67"><counter type="INSTRUCTION" missed="0" covered="35"/><counter type="LINE" missed="0" covered="2"/><counter type="COMPLEXITY" missed="0" covered="1"/><counter type="METHOD" missed="0" covered="1"/></method><counter type="INSTRUCTION" missed="11" covered="157"/><counter type="BRANCH" missed="1" covered="9"/><counter type="LINE" missed="2" covered="28"/><counter type="COMPLEXITY" missed="3" covered="15"/><counter type="METHOD" missed="2" covered="11"/><counter type="CLASS" missed="0" covered="1"/></class><sourcefile name="PlcConnectionAdapter.java"><line nr="67" mi="0" ci="3" mb="0" cb="0"/><line nr="68" mi="0" ci="32" mb="0" cb="0"/><line nr="80" mi="0" ci="2" mb="0" cb="0"/><line nr="81" mi="0" ci="3" mb="0" cb="0"/><line nr="82" mi="0" ci="1" mb="0" cb="0"/><line nr="84" mi="0" ci="2" mb="0" cb="0"/><line nr="85" mi="0" ci="3" mb="0" cb="0"/><line nr="86" mi="0" ci="1" mb="0" cb="0"/><line nr="89" mi="0" ci="4" mb="0" cb="0"/><line nr="90" mi="0" ci="3" mb="0" cb="2"/><line nr="91" mi="0" ci="8" mb="0" cb="0"/><line nr="93" mi="0" ci="5" mb="0" cb="0"/><line nr="100" mi="0" ci="6" mb="1" cb="3"/><line nr="101" mi="0" ci="3" mb="0" cb="0"/><line nr="103" mi="0" ci="1" mb="0" cb="0"/><line nr="106" mi="5" ci="0" mb="0" cb="0"/><line nr="110" mi="0" ci="2" mb="0" cb="0"/><line nr="112" mi="0" ci="7" mb="0" cb="0"/><line nr="120" mi="0" ci="5" mb="0" cb="0"/><line nr="121" mi="0" ci="3" mb="0" cb="0"/><line nr="122" mi="0" ci="3" mb="0" cb="0"/><line nr="123" mi="0" ci="1" mb="0" cb="0"/><line nr="127" mi="0" ci="2" mb="0" cb="0"/><line nr="128" mi="0" ci="2" mb="0" cb="0"/><line nr="130" mi="0" ci="4" mb="0" cb="0"/><line nr="131" mi="0" ci="5" mb="0" cb="0"/><line nr="132" mi="0" ci="3" mb="0" cb="0"/><line nr="133" mi="5" ci="3" mb="0" cb="0"/><line nr="134" mi="0" ci="5" mb="0" cb="0"/><line nr="135" mi="0" ci="8" mb="0" cb="0"/><line nr="136" mi="5" ci="2" mb="0" cb="0"/><line nr="137" mi="0" ci="3" mb="0" cb="0"/><line nr="138" mi="0" ci="1" mb="0" cb="0"/><line nr="139" mi="0" ci="17" mb="0" cb="0"/><line nr="140" mi="0" ci="2" mb="0" cb="0"/><line nr="146" mi="15" ci="0" mb="0" cb="0"/><line nr="151" mi="2" ci="0" mb="0" cb="0"/><line nr="153" mi="4" ci="0" mb="0" cb="0"/><line nr="154" mi="3" ci="0" mb="0" cb="0"/><line nr="155" mi="8" ci="0" mb="0" cb="0"/><line nr="156" mi="7" ci="0" mb="0" cb="0"/><line nr="157" mi="1" ci="0" mb="0" cb="0"/><line nr="158" mi="18" ci="0" mb="0" cb="0"/><line nr="159" mi="2" ci="0" mb="0" cb="0"/><line nr="166" mi="0" ci="2" mb="0" cb="0"/><line nr="167" mi="0" ci="15" mb="0" cb="0"/><line nr="172" mi="0" ci="2" mb="0" cb="0"/><line nr="173" mi="0" ci="2" mb="0" cb="0"/><line nr="175" mi="0" ci="4" mb="0" cb="0"/><line nr="176" mi="0" ci="5" mb="0" cb="0"/><line nr="177" mi="0" ci="3" mb="0" cb="0"/><line nr="178" mi="5" ci="3" mb="0" cb="0"/><line nr="179" mi="0" ci="4" mb="0" cb="0"/><line nr="180" mi="0" ci="5" mb="0" cb="0"/><line nr="181" mi="0" ci="1" mb="0" cb="0"/><line nr="182" mi="0" ci="17" mb="0" cb="0"/><line nr="183" mi="0" ci="1" mb="0" cb="0"/><line nr="184" mi="0" ci="1" mb="0" cb="0"/><line nr="190" mi="0" ci="2" mb="0" cb="0"/><line nr="191" mi="0" ci="19" mb="0" cb="0"/><line nr="196" mi="0" ci="2" mb="0" cb="0"/><line nr="197" mi="0" ci="2" mb="0" cb="0"/><line nr="199" mi="0" ci="4" mb="0" cb="0"/><line nr="200" mi="0" ci="6" mb="0" cb="0"/><line nr="201" mi="0" ci="4" mb="0" cb="0"/><line nr="202" mi="0" ci="5" mb="0" cb="0"/><line nr="203" mi="0" ci="3" mb="0" cb="0"/><line nr="204" mi="5" ci="3" mb="0" cb="0"/><line nr="205" mi="0" ci="4" mb="0" cb="0"/><line nr="206" mi="0" ci="5" mb="0" cb="0"/><line nr="207" mi="0" ci="1" mb="0" cb="0"/><line nr="208" mi="0" ci="17" mb="0" cb="0"/><line nr="209" mi="0" ci="1" mb="0" cb="0"/><line nr="210" mi="0" ci="1" mb="0" cb="0"/><line nr="216" mi="0" ci="16" mb="0" cb="2"/><line nr="217" mi="0" ci="3" mb="0" cb="2"/><line nr="218" mi="0" ci="1" mb="0" cb="0"/><line nr="220" mi="0" ci="13" mb="0" cb="0"/><line nr="225" mi="0" ci="3" mb="0" cb="0"/><line nr="226" mi="0" ci="12" mb="0" cb="0"/><line nr="230" mi="0" ci="6" mb="0" cb="0"/><counter type="INSTRUCTION" missed="85" covered="353"/><counter type="BRANCH" missed="1" covered="9"/><counter type="LINE" missed="10" covered="71"/><counter type="COMPLEXITY" missed="10" covered="21"/><counter type="METHOD" missed="9" covered="17"/><counter type="CLASS" missed="1" covered="4"/></sourcefile><sourcefile name="PlcFunctions.java"><line nr="74" mi="2" ci="0" mb="0" cb="0"/><line nr="75" mi="5" ci="0" mb="0" cb="0"/><line nr="95" mi="0" ci="5" mb="0" cb="0"/><line nr="98" mi="0" ci="5" mb="0" cb="0"/><line nr="101" mi="0" ci="5" mb="0" cb="0"/><line nr="104" mi="0" ci="5" mb="0" cb="0"/><line nr="107" mi="0" ci="5" mb="0" cb="0"/><line nr="110" mi="0" ci="5" mb="0" cb="0"/><line nr="113" mi="5" ci="0" mb="0" cb="0"/><line nr="116" mi="4" ci="0" mb="0" cb="0"/><line nr="135" mi="0" ci="5" mb="0" cb="0"/><line nr="138" mi="0" ci="5" mb="0" cb="0"/><line nr="141" mi="0" ci="5" mb="0" cb="0"/><line nr="144" mi="0" ci="5" mb="0" cb="0"/><line nr="147" mi="0" ci="5" mb="0" cb="0"/><line nr="150" mi="0" ci="5" mb="0" cb="0"/><line nr="153" mi="5" ci="0" mb="0" cb="0"/><line nr="179" mi="0" ci="6" mb="0" cb="0"/><line nr="182" mi="0" ci="6" mb="0" cb="0"/><line nr="185" mi="0" ci="6" mb="0" cb="0"/><line nr="188" mi="0" ci="6" mb="0" cb="0"/><line nr="191" mi="0" ci="6" mb="0" cb="0"/><line nr="194" mi="0" ci="6" mb="0" cb="0"/><line nr="197" mi="6" ci="0" mb="0" cb="0"/><counter type="INSTRUCTION" missed="27" covered="96"/><counter type="LINE" missed="6" covered="18"/><counter type="COMPLEXITY" missed="5" covered="18"/><counter type="METHOD" missed="5" covered="18"/><counter type="CLASS" missed="0" covered="1"/></sourcefile><counter type="INSTRUCTION" missed="112" covered="449"/><counter type="BRANCH" missed="1" covered="9"/><counter type="LINE" missed="16" covered="89"/><counter type="COMPLEXITY" missed="15" covered="39"/><counter type="METHOD" missed="14" covered="35"/><counter type="CLASS" missed="1" covered="5"/></package><counter type="INSTRUCTION" missed="112" covered="449"/><counter type="BRANCH" missed="1" covered="9"/><counter type="LINE" missed="16" covered="89"/><counter type="COMPLEXITY" missed="15" covered="39"/><counter type="METHOD" missed="14" covered="35"/><counter type="CLASS" missed="1" covered="5"/></report>